[01m[K/home/vialab/mpc_traj_ws/src/mpc_local_planner/mpc_local_planner/src/controller.cpp:[m[K In member function â€˜[01m[Kbool mpc_local_planner::Controller::configure(ros::NodeHandle&, const ObstContainer&, teb_local_planner::RobotFootprintModelPtr, const std::vector<teb_local_planner::PoseSE2>&)[m[Kâ€™:
[01m[K/home/vialab/mpc_traj_ws/src/mpc_local_planner/mpc_local_planner/src/controller.cpp:89:30:[m[K [01;31m[Kerror: [m[Kâ€˜[01m[KAckermannDriveStamped[m[Kâ€™ was not declared in this scope
     _ctrl_pub = nh.advertise<[01;31m[KAckermannDriveStamped[m[K>("/rbcar_robot_control/command", 1);
                              [01;31m[K^~~~~~~~~~~~~~~~~~~~~[m[K
[01m[K/home/vialab/mpc_traj_ws/src/mpc_local_planner/mpc_local_planner/src/controller.cpp:89:86:[m[K [01;31m[Kerror: [m[Kno matching function for call to â€˜[01m[Kros::NodeHandle::advertise<<expression error> >(const char [29], int)[m[Kâ€™
     _ctrl_pub = nh.advertise<AckermannDriveStamped>("/rbcar_robot_control/command", 1[01;31m[K)[m[K;
                                                                                      [01;31m[K^[m[K
In file included from [01m[K/opt/ros/melodic/include/ros/ros.h:45:0[m[K,
                 from [01m[K/opt/ros/melodic/include/tf2_ros/buffer.h:38[m[K,
                 from [01m[K/opt/ros/melodic/include/tf/tf.h:49[m[K,
                 from [01m[K/opt/ros/melodic/include/teb_local_planner/obstacles.h:56[m[K,
                 from [01m[K/opt/ros/melodic/include/teb_local_planner/robot_footprint_model.h:44[m[K,
                 from [01m[K/home/vialab/mpc_traj_ws/src/mpc_local_planner/mpc_local_planner/include/mpc_local_planner/optimal_control/stage_inequality_se2.h:29[m[K,
                 from [01m[K/home/vialab/mpc_traj_ws/src/mpc_local_planner/mpc_local_planner/include/mpc_local_planner/controller.h:29[m[K,
                 from [01m[K/home/vialab/mpc_traj_ws/src/mpc_local_planner/mpc_local_planner/src/controller.cpp:23[m[K:
[01m[K/opt/ros/melodic/include/ros/node_handle.h:249:15:[m[K [01;36m[Knote: [m[Kcandidate: template<class M> ros::Publisher ros::NodeHandle::advertise(const string&, uint32_t, bool)
     Publisher [01;36m[Kadvertise[m[K(const std::string& topic, uint32_t queue_size, bool latch = false)
               [01;36m[K^~~~~~~~~[m[K
[01m[K/opt/ros/melodic/include/ros/node_handle.h:249:15:[m[K [01;36m[Knote: [m[K  template argument deduction/substitution failed:
[01m[K/home/vialab/mpc_traj_ws/src/mpc_local_planner/mpc_local_planner/src/controller.cpp:89:86:[m[K [01;31m[Kerror: [m[Ktemplate argument 1 is invalid
     _ctrl_pub = nh.advertise<AckermannDriveStamped>("/rbcar_robot_control/command", 1[01;31m[K)[m[K;
                                                                                      [01;31m[K^[m[K
In file included from [01m[K/opt/ros/melodic/include/ros/ros.h:45:0[m[K,
                 from [01m[K/opt/ros/melodic/include/tf2_ros/buffer.h:38[m[K,
                 from [01m[K/opt/ros/melodic/include/tf/tf.h:49[m[K,
                 from [01m[K/opt/ros/melodic/include/teb_local_planner/obstacles.h:56[m[K,
                 from [01m[K/opt/ros/melodic/include/teb_local_planner/robot_footprint_model.h:44[m[K,
                 from [01m[K/home/vialab/mpc_traj_ws/src/mpc_local_planner/mpc_local_planner/include/mpc_local_planner/optimal_control/stage_inequality_se2.h:29[m[K,
                 from [01m[K/home/vialab/mpc_traj_ws/src/mpc_local_planner/mpc_local_planner/include/mpc_local_planner/controller.h:29[m[K,
                 from [01m[K/home/vialab/mpc_traj_ws/src/mpc_local_planner/mpc_local_planner/src/controller.cpp:23[m[K:
[01m[K/opt/ros/melodic/include/ros/node_handle.h:315:13:[m[K [01;36m[Knote: [m[Kcandidate: template<class M> ros::Publisher ros::NodeHandle::advertise(const string&, uint32_t, const SubscriberStatusCallback&, const SubscriberStatusCallback&, const VoidConstPtr&, bool)
   Publisher [01;36m[Kadvertise[m[K(const std::string& topic, uint32_t queue_size,
             [01;36m[K^~~~~~~~~[m[K
[01m[K/opt/ros/melodic/include/ros/node_handle.h:315:13:[m[K [01;36m[Knote: [m[K  template argument deduction/substitution failed:
[01m[K/home/vialab/mpc_traj_ws/src/mpc_local_planner/mpc_local_planner/src/controller.cpp:89:86:[m[K [01;31m[Kerror: [m[Ktemplate argument 1 is invalid
     _ctrl_pub = nh.advertise<AckermannDriveStamped>("/rbcar_robot_control/command", 1[01;31m[K)[m[K;
                                                                                      [01;31m[K^[m[K
[01m[K/home/vialab/mpc_traj_ws/src/mpc_local_planner/mpc_local_planner/src/controller.cpp:[m[K In member function â€˜[01m[Kvoid mpc_local_planner::Controller::publishOptimalControlResult()[m[Kâ€™:
[01m[K/home/vialab/mpc_traj_ws/src/mpc_local_planner/mpc_local_planner/src/controller.cpp:224:5:[m[K [01;31m[Kerror: [m[Kâ€˜[01m[KAckermannDriveStamped[m[Kâ€™ was not declared in this scope
     [01;31m[KAckermannDriveStamped[m[K ackermann_msg;
     [01;31m[K^~~~~~~~~~~~~~~~~~~~~[m[K
[01m[K/home/vialab/mpc_traj_ws/src/mpc_local_planner/mpc_local_planner/src/controller.cpp:225:5:[m[K [01;31m[Kerror: [m[Kâ€˜[01m[Kackermann_msg[m[Kâ€™ was not declared in this scope
     [01;31m[Kackermann_msg[m[K.header.stamp = ros::Time::now();
     [01;31m[K^~~~~~~~~~~~~[m[K
make[2]: *** [CMakeFiles/mpc_local_planner.dir/src/controller.cpp.o] Error 1
make[1]: *** [CMakeFiles/mpc_local_planner.dir/all] Error 2
make: *** [all] Error 2
